<?xml version="1.0" encoding="UTF-8"?>
<!-- Generated by org.testng.reporters.JUnitReportReporter -->
<testsuite hostname="APL-C2R71B3" failures="0" tests="1" name="com.testclass.ExtentDemo" time="7.571" errors="0" timestamp="2022-04-11T20:49:25 IST" skipped="0">
  <testcase classname="com.testclass.ExtentDemo" name="extentReportsDemo" time="7.571"/>
  <system-out/>
</testsuite> <!-- com.testclass.ExtentDemo -->
