<?xml version="1.0" encoding="UTF-8"?>
<!-- Generated by org.testng.reporters.JUnitReportReporter -->
<testsuite hostname="APL-C2R71B3" failures="0" tests="1" name="com.helms.testclass.Leadtest" time="37.649" errors="0" timestamp="2022-04-12T12:11:15 IST" skipped="0">
  <testcase classname="com.helms.testclass.Leadtest" name="LeadCreation" time="37.649"/>
  <system-out/>
</testsuite> <!-- com.helms.testclass.Leadtest -->
