<?xml version="1.0" encoding="UTF-8"?>
<!-- Generated by org.testng.reporters.JUnitReportReporter -->
<testsuite hostname="LAPTOP-VTJRF8KI" failures="0" tests="1" name="com.helms.testclass.LoginTest" time="20.067" errors="0" timestamp="2022-04-15T13:25:53 IST" skipped="0">
  <testcase classname="com.helms.testclass.LoginTest" name="Login" time="20.067"/>
  <system-out/>
</testsuite> <!-- com.helms.testclass.LoginTest -->
