<?xml version="1.0" encoding="UTF-8"?>
<!-- Generated by org.testng.reporters.JUnitReportReporter -->
<testsuite hostname="APL-C2R71B3" failures="0" tests="6" name="com.helms.base.Basehelmspro" time="0.011" errors="0" timestamp="2022-04-12T12:09:30 IST" skipped="3">
  <testcase classname="com.helms.base.Basehelmspro" name="PropertiesTest" time="0.000"/>
  <system-out/>
  <testcase classname="com.helms.base.Basehelmspro" name="PropertiesTest" time="0.009"/>
  <system-out/>
  <testcase classname="com.helms.base.Basehelmspro" name="PropertiesTest" time="0.002"/>
  <system-out/>
  <testcase classname="com.helms.base.Basehelmspro" name="TestDryRun">
    <skipped/>
  </testcase> <!-- TestDryRun -->
  <system-out/>
  <testcase classname="com.helms.base.Basehelmspro" name="TestDryRun">
    <skipped/>
  </testcase> <!-- TestDryRun -->
  <system-out/>
  <testcase classname="com.helms.base.Basehelmspro" name="TestDryRun">
    <skipped/>
  </testcase> <!-- TestDryRun -->
  <system-out/>
</testsuite> <!-- com.helms.base.Basehelmspro -->
