<?xml version="1.0" encoding="UTF-8"?>
<!-- Generated by org.testng.reporters.JUnitReportReporter -->
<testsuite hostname="LAPTOP-VTJRF8KI" failures="0" tests="1" name="com.mainBase.Runprograme" time="20.188" errors="0" timestamp="2021-06-10T17:15:55 IST" skipped="0">
  <testcase classname="com.mainBase.Runprograme" name="testRun" time="20.188"/>
  <system-out/>
</testsuite> <!-- com.mainBase.Runprograme -->
