<?xml version="1.0" encoding="UTF-8"?>
<!-- Generated by org.testng.reporters.JUnitReportReporter -->
<testsuite hostname="LAPTOP-VTJRF8KI" failures="0" tests="1" name="com.mainBase.Runprograme" time="40.157" errors="0" timestamp="2021-05-17T23:17:16 IST" skipped="0">
  <testcase classname="com.mainBase.Runprograme" name="testRun" time="40.157"/>
  <system-out/>
</testsuite> <!-- com.mainBase.Runprograme -->
