<?xml version="1.0" encoding="UTF-8"?>
<!-- Generated by org.testng.reporters.JUnitReportReporter -->
<testsuite hostname="LAPTOP-VTJRF8KI" failures="0" tests="1" name="com.mainBase.Runprograme" time="17.406" errors="0" timestamp="2021-10-04T21:33:40 IST" skipped="0">
  <testcase classname="com.mainBase.Runprograme" name="testRun" time="17.406"/>
  <system-out/>
</testsuite> <!-- com.mainBase.Runprograme -->
